<?xml version="1.0" encoding="UTF-8"?>
<testng-results skipped="0" failed="0" ignored="0" total="1" passed="1">
  <reporter-output>
  </reporter-output>
  <suite name="Default suite" duration-ms="114560" started-at="2021-06-14T15:01:35 IST" finished-at="2021-06-14T15:03:30 IST">
    <groups>
    </groups>
    <test name="Default test" duration-ms="114560" started-at="2021-06-14T15:01:35 IST" finished-at="2021-06-14T15:03:30 IST">
      <class name="Launch_Appium">
        <test-method status="PASS" signature="launch_url()[pri:0, instance:Launch_Appium@77f99a05]" name="launch_url" duration-ms="114216" started-at="2021-06-14T15:01:36 IST" finished-at="2021-06-14T15:03:30 IST">
          <reporter-output>
          </reporter-output>
        </test-method> <!-- launch_url -->
      </class> <!-- Launch_Appium -->
    </test> <!-- Default test -->
  </suite> <!-- Default suite -->
</testng-results>
